<?xml version="1.0" encoding="UTF-8"?>
<!-- Generated by org.testng.reporters.JUnitXMLReporter -->
<testsuite hostname="DESKTOP-1JVNH60" ignored="0" name="Test2" tests="2" failures="1" timestamp="20 Oct 2017 16:08:03 GMT" time="34.531" errors="0">
  <testcase name="actions" time="16.908" classname="seleniumconcepts.programs.MouseHover"/>
  <testcase name="start" time="17.598" classname="seleniumconcepts.programs.ClickHold">
    <failure type="org.openqa.selenium.WebDriverException" message="UnknownError: Cannot press more than one button or an already pressed button.&amp;apos;UnknownError: Cannot press more than one button or an already pressed button.&amp;apos; when calling method: [wdIMouse::click]
Command duration or timeout: 0 milliseconds">
      <![CDATA[org.openqa.selenium.WebDriverException: UnknownError: Cannot press more than one button or an already pressed button.'UnknownError: Cannot press more than one button or an already pressed button.' when calling method: [wdIMouse::click]
Command duration or timeout: 0 milliseconds
	at org.openqa.selenium.remote.ErrorHandler.createThrowable(ErrorHandler.java:214)
	at org.openqa.selenium.remote.ErrorHandler.throwIfResponseFailed(ErrorHandler.java:166)
	at org.openqa.selenium.remote.http.JsonHttpResponseCodec.reconstructValue(JsonHttpResponseCodec.java:40)
	at org.openqa.selenium.remote.http.AbstractHttpResponseCodec.decode(AbstractHttpResponseCodec.java:82)
	at org.openqa.selenium.remote.http.AbstractHttpResponseCodec.decode(AbstractHttpResponseCodec.java:45)
	at org.openqa.selenium.remote.HttpCommandExecutor.execute(HttpCommandExecutor.java:164)
	at org.openqa.selenium.remote.service.DriverCommandExecutor.execute(DriverCommandExecutor.java:83)
	at org.openqa.selenium.remote.RemoteWebDriver.execute(RemoteWebDriver.java:586)
	at org.openqa.selenium.remote.RemoteExecuteMethod.execute(RemoteExecuteMethod.java:35)
	at org.openqa.selenium.remote.RemoteMouse.click(RemoteMouse.java:59)
	at org.openqa.selenium.interactions.ClickAction.perform(ClickAction.java:40)
	at org.openqa.selenium.interactions.CompositeAction.perform(CompositeAction.java:36)
	at org.openqa.selenium.interactions.Actions$BuiltAction.perform(Actions.java:641)
	at seleniumconcepts.programs.ClickHold.start(ClickHold.java:26)
Caused by: org.openqa.selenium.WebDriverException: UnknownError: Cannot press more than one button or an already pressed button.'UnknownError: Cannot press more than one button or an already pressed button.' when calling method: [wdIMouse::click]
Build info: version: '3.6.0', revision: '6fbf3ec767', time: '2017-09-27T15:28:36.4Z'
System info: host: 'DESKTOP-1JVNH60', ip: '192.168.220.1', os.name: 'Windows 10', os.arch: 'amd64', os.version: '10.0', java.version: '1.8.0_141'
Driver info: driver.version: unknown
	at <anonymous class>.FirefoxDriver.prototype.mouseClick(file:///C:/Users/aakas/AppData/Local/Temp/anonymous3076665068822598140webdriver-profile/extensions/fxdriver@googlecode.com/components/driver-component.js:12166)
	at <anonymous class>.DelayedCommand.prototype.executeInternal_/k(file:///C:/Users/aakas/AppData/Local/Temp/anonymous3076665068822598140webdriver-profile/extensions/fxdriver@googlecode.com/components/command-processor.js:13353)
	at <anonymous class>.DelayedCommand.prototype.executeInternal_(file:///C:/Users/aakas/AppData/Local/Temp/anonymous3076665068822598140webdriver-profile/extensions/fxdriver@googlecode.com/components/command-processor.js:13358)
	at <anonymous class>.DelayedCommand.prototype.execute/<(file:///C:/Users/aakas/AppData/Local/Temp/anonymous3076665068822598140webdriver-profile/extensions/fxdriver@googlecode.com/components/command-processor.js:13300)
... Removed 29 stack frames]]>
    </failure>
  </testcase> <!-- start -->
</testsuite> <!-- Test2 -->
